


ARM Macro Assembler    Page 1 


    1 00000000         ; Copyright (c) 2009-2021 ARM Limited. All rights reserv
                       ed.
    2 00000000         ; 
    3 00000000         ;     SPDX-License-Identifier: Apache-2.0
    4 00000000         ; 
    5 00000000         ; Licensed under the Apache License, Version 2.0 (the Li
                       cense); you may
    6 00000000         ; not use this file except in compliance with the Licens
                       e.
    7 00000000         ; You may obtain a copy of the License at
    8 00000000         ; 
    9 00000000         ;     www.apache.org/licenses/LICENSE-2.0
   10 00000000         ; 
   11 00000000         ; Unless required by applicable law or agreed to in writ
                       ing, software
   12 00000000         ; distributed under the License is distributed on an AS 
                       IS BASIS, WITHOUT
   13 00000000         ; WARRANTIES OR CONDITIONS OF ANY KIND, either express o
                       r implied.
   14 00000000         ; See the License for the specific language governing pe
                       rmissions and
   15 00000000         ; limitations under the License.
   16 00000000         ; 
   17 00000000         ; NOTICE: This file has been modified by Nordic Semicond
                       uctor ASA.
   18 00000000         
   19 00000000                 IF               :DEF: __STARTUP_CONFIG
   26                          ENDIF
   27 00000000         
   28 00000000                 IF               :DEF: __STARTUP_CONFIG
   33 00000000 00004000 
                       Stack_Size
                               EQU              16384
   34 00000000                 ENDIF
   35 00000000         
   36 00000000                 IF               :DEF: __STARTUP_CONFIG
   39 00000000 00000003 
                       Stack_Align
                               EQU              3
   40 00000000                 ENDIF
   41 00000000         
   42 00000000                 AREA             STACK, NOINIT, READWRITE, ALIGN
=Stack_Align
   43 00000000         Stack_Mem
                               SPACE            Stack_Size
   44 00004000         __initial_sp
   45 00004000         
   46 00004000                 IF               :DEF: __STARTUP_CONFIG
   51 00004000 00004000 
                       Heap_Size
                               EQU              16384
   52 00004000                 ENDIF
   53 00004000         
   54 00004000                 AREA             HEAP, NOINIT, READWRITE, ALIGN=
3
   55 00000000         __heap_base
   56 00000000         Heap_Mem
                               SPACE            Heap_Size
   57 00004000         __heap_limit



ARM Macro Assembler    Page 2 


   58 00004000         
   59 00004000                 PRESERVE8
   60 00004000                 THUMB
   61 00004000         
   62 00004000         ; Vector Table Mapped to Address 0 at Reset
   63 00004000         
   64 00004000                 AREA             RESET, DATA, READONLY
   65 00000000                 EXPORT           __Vectors
   66 00000000                 EXPORT           __Vectors_End
   67 00000000                 EXPORT           __Vectors_Size
   68 00000000         
   69 00000000 00000000 
                       __Vectors
                               DCD              __initial_sp ; Top of Stack
   70 00000004 00000000        DCD              Reset_Handler
   71 00000008 00000000        DCD              NMI_Handler
   72 0000000C 00000000        DCD              HardFault_Handler
   73 00000010 00000000        DCD              MemoryManagement_Handler
   74 00000014 00000000        DCD              BusFault_Handler
   75 00000018 00000000        DCD              UsageFault_Handler
   76 0000001C 00000000        DCD              SecureFault_Handler
   77 00000020 00000000        DCD              0           ; Reserved
   78 00000024 00000000        DCD              0           ; Reserved
   79 00000028 00000000        DCD              0           ; Reserved
   80 0000002C 00000000        DCD              SVC_Handler
   81 00000030 00000000        DCD              DebugMon_Handler
   82 00000034 00000000        DCD              0           ; Reserved
   83 00000038 00000000        DCD              PendSV_Handler
   84 0000003C 00000000        DCD              SysTick_Handler
   85 00000040         
   86 00000040         ; External Interrupts
   87 00000040 00000000        DCD              FPU_IRQHandler
   88 00000044 00000000        DCD              CACHE_IRQHandler
   89 00000048 00000000        DCD              0           ; Reserved
   90 0000004C 00000000        DCD              SPU_IRQHandler
   91 00000050 00000000        DCD              0           ; Reserved
   92 00000054 00000000        DCD              CLOCK_POWER_IRQHandler
   93 00000058 00000000        DCD              0           ; Reserved
   94 0000005C 00000000        DCD              0           ; Reserved
   95 00000060 00000000        DCD              SERIAL0_IRQHandler
   96 00000064 00000000        DCD              SERIAL1_IRQHandler
   97 00000068 00000000        DCD              SPIM4_IRQHandler
   98 0000006C 00000000        DCD              SERIAL2_IRQHandler
   99 00000070 00000000        DCD              SERIAL3_IRQHandler
  100 00000074 00000000        DCD              GPIOTE0_IRQHandler
  101 00000078 00000000        DCD              SAADC_IRQHandler
  102 0000007C 00000000        DCD              TIMER0_IRQHandler
  103 00000080 00000000        DCD              TIMER1_IRQHandler
  104 00000084 00000000        DCD              TIMER2_IRQHandler
  105 00000088 00000000        DCD              0           ; Reserved
  106 0000008C 00000000        DCD              0           ; Reserved
  107 00000090 00000000        DCD              RTC0_IRQHandler
  108 00000094 00000000        DCD              RTC1_IRQHandler
  109 00000098 00000000        DCD              0           ; Reserved
  110 0000009C 00000000        DCD              0           ; Reserved
  111 000000A0 00000000        DCD              WDT0_IRQHandler
  112 000000A4 00000000        DCD              WDT1_IRQHandler
  113 000000A8 00000000        DCD              COMP_LPCOMP_IRQHandler
  114 000000AC 00000000        DCD              EGU0_IRQHandler



ARM Macro Assembler    Page 3 


  115 000000B0 00000000        DCD              EGU1_IRQHandler
  116 000000B4 00000000        DCD              EGU2_IRQHandler
  117 000000B8 00000000        DCD              EGU3_IRQHandler
  118 000000BC 00000000        DCD              EGU4_IRQHandler
  119 000000C0 00000000        DCD              EGU5_IRQHandler
  120 000000C4 00000000        DCD              PWM0_IRQHandler
  121 000000C8 00000000        DCD              PWM1_IRQHandler
  122 000000CC 00000000        DCD              PWM2_IRQHandler
  123 000000D0 00000000        DCD              PWM3_IRQHandler
  124 000000D4 00000000        DCD              0           ; Reserved
  125 000000D8 00000000        DCD              PDM0_IRQHandler
  126 000000DC 00000000        DCD              0           ; Reserved
  127 000000E0 00000000        DCD              I2S0_IRQHandler
  128 000000E4 00000000        DCD              0           ; Reserved
  129 000000E8 00000000        DCD              IPC_IRQHandler
  130 000000EC 00000000        DCD              QSPI_IRQHandler
  131 000000F0 00000000        DCD              0           ; Reserved
  132 000000F4 00000000        DCD              NFCT_IRQHandler
  133 000000F8 00000000        DCD              0           ; Reserved
  134 000000FC 00000000        DCD              GPIOTE1_IRQHandler
  135 00000100 00000000        DCD              0           ; Reserved
  136 00000104 00000000        DCD              0           ; Reserved
  137 00000108 00000000        DCD              0           ; Reserved
  138 0000010C 00000000        DCD              QDEC0_IRQHandler
  139 00000110 00000000        DCD              QDEC1_IRQHandler
  140 00000114 00000000        DCD              0           ; Reserved
  141 00000118 00000000        DCD              USBD_IRQHandler
  142 0000011C 00000000        DCD              USBREGULATOR_IRQHandler
  143 00000120 00000000        DCD              0           ; Reserved
  144 00000124 00000000        DCD              KMU_IRQHandler
  145 00000128 00000000        DCD              0           ; Reserved
  146 0000012C 00000000        DCD              0           ; Reserved
  147 00000130 00000000        DCD              0           ; Reserved
  148 00000134 00000000        DCD              0           ; Reserved
  149 00000138 00000000        DCD              0           ; Reserved
  150 0000013C 00000000        DCD              0           ; Reserved
  151 00000140 00000000        DCD              0           ; Reserved
  152 00000144 00000000        DCD              0           ; Reserved
  153 00000148 00000000        DCD              0           ; Reserved
  154 0000014C 00000000        DCD              0           ; Reserved
  155 00000150 00000000        DCD              CRYPTOCELL_IRQHandler
  156 00000154 00000000        DCD              0           ; Reserved
  157 00000158 00000000        DCD              0           ; Reserved
  158 0000015C 00000000        DCD              0           ; Reserved
  159 00000160 00000000        DCD              0           ; Reserved
  160 00000164 00000000        DCD              0           ; Reserved
  161 00000168 00000000        DCD              0           ; Reserved
  162 0000016C 00000000        DCD              0           ; Reserved
  163 00000170 00000000        DCD              0           ; Reserved
  164 00000174 00000000        DCD              0           ; Reserved
  165 00000178 00000000        DCD              0           ; Reserved
  166 0000017C 00000000        DCD              0           ; Reserved
  167 00000180 00000000        DCD              0           ; Reserved
  168 00000184 00000000        DCD              0           ; Reserved
  169 00000188 00000000        DCD              0           ; Reserved
  170 0000018C 00000000        DCD              0           ; Reserved
  171 00000190 00000000        DCD              0           ; Reserved
  172 00000194 00000000        DCD              0           ; Reserved
  173 00000198 00000000        DCD              0           ; Reserved



ARM Macro Assembler    Page 4 


  174 0000019C 00000000        DCD              0           ; Reserved
  175 000001A0 00000000        DCD              0           ; Reserved
  176 000001A4 00000000        DCD              0           ; Reserved
  177 000001A8 00000000        DCD              0           ; Reserved
  178 000001AC 00000000        DCD              0           ; Reserved
  179 000001B0 00000000        DCD              0           ; Reserved
  180 000001B4 00000000        DCD              0           ; Reserved
  181 000001B8 00000000        DCD              0           ; Reserved
  182 000001BC 00000000        DCD              0           ; Reserved
  183 000001C0 00000000        DCD              0           ; Reserved
  184 000001C4 00000000        DCD              0           ; Reserved
  185 000001C8 00000000        DCD              0           ; Reserved
  186 000001CC 00000000        DCD              0           ; Reserved
  187 000001D0 00000000        DCD              0           ; Reserved
  188 000001D4 00000000        DCD              0           ; Reserved
  189 000001D8 00000000        DCD              0           ; Reserved
  190 000001DC 00000000        DCD              0           ; Reserved
  191 000001E0 00000000        DCD              0           ; Reserved
  192 000001E4 00000000        DCD              0           ; Reserved
  193 000001E8 00000000        DCD              0           ; Reserved
  194 000001EC 00000000        DCD              0           ; Reserved
  195 000001F0 00000000        DCD              0           ; Reserved
  196 000001F4 00000000        DCD              0           ; Reserved
  197 000001F8 00000000        DCD              0           ; Reserved
  198 000001FC 00000000        DCD              0           ; Reserved
  199 00000200 00000000        DCD              0           ; Reserved
  200 00000204 00000000        DCD              0           ; Reserved
  201 00000208 00000000        DCD              0           ; Reserved
  202 0000020C 00000000        DCD              0           ; Reserved
  203 00000210 00000000        DCD              0           ; Reserved
  204 00000214 00000000        DCD              0           ; Reserved
  205 00000218 00000000        DCD              0           ; Reserved
  206 0000021C 00000000        DCD              0           ; Reserved
  207 00000220 00000000        DCD              0           ; Reserved
  208 00000224 00000000        DCD              0           ; Reserved
  209 00000228 00000000        DCD              0           ; Reserved
  210 0000022C 00000000        DCD              0           ; Reserved
  211 00000230 00000000        DCD              0           ; Reserved
  212 00000234 00000000        DCD              0           ; Reserved
  213 00000238 00000000        DCD              0           ; Reserved
  214 0000023C 00000000        DCD              0           ; Reserved
  215 00000240 00000000        DCD              0           ; Reserved
  216 00000244 00000000        DCD              0           ; Reserved
  217 00000248 00000000        DCD              0           ; Reserved
  218 0000024C 00000000        DCD              0           ; Reserved
  219 00000250 00000000        DCD              0           ; Reserved
  220 00000254 00000000        DCD              0           ; Reserved
  221 00000258 00000000        DCD              0           ; Reserved
  222 0000025C 00000000        DCD              0           ; Reserved
  223 00000260 00000000        DCD              0           ; Reserved
  224 00000264 00000000        DCD              0           ; Reserved
  225 00000268 00000000        DCD              0           ; Reserved
  226 0000026C 00000000        DCD              0           ; Reserved
  227 00000270 00000000        DCD              0           ; Reserved
  228 00000274 00000000        DCD              0           ; Reserved
  229 00000278 00000000        DCD              0           ; Reserved
  230 0000027C 00000000        DCD              0           ; Reserved
  231 00000280 00000000        DCD              0           ; Reserved
  232 00000284 00000000        DCD              0           ; Reserved



ARM Macro Assembler    Page 5 


  233 00000288 00000000        DCD              0           ; Reserved
  234 0000028C 00000000        DCD              0           ; Reserved
  235 00000290 00000000        DCD              0           ; Reserved
  236 00000294 00000000        DCD              0           ; Reserved
  237 00000298 00000000        DCD              0           ; Reserved
  238 0000029C 00000000        DCD              0           ; Reserved
  239 000002A0 00000000        DCD              0           ; Reserved
  240 000002A4 00000000        DCD              0           ; Reserved
  241 000002A8 00000000        DCD              0           ; Reserved
  242 000002AC 00000000        DCD              0           ; Reserved
  243 000002B0 00000000        DCD              0           ; Reserved
  244 000002B4 00000000        DCD              0           ; Reserved
  245 000002B8 00000000        DCD              0           ; Reserved
  246 000002BC 00000000        DCD              0           ; Reserved
  247 000002C0 00000000        DCD              0           ; Reserved
  248 000002C4 00000000        DCD              0           ; Reserved
  249 000002C8 00000000        DCD              0           ; Reserved
  250 000002CC 00000000        DCD              0           ; Reserved
  251 000002D0 00000000        DCD              0           ; Reserved
  252 000002D4 00000000        DCD              0           ; Reserved
  253 000002D8 00000000        DCD              0           ; Reserved
  254 000002DC 00000000        DCD              0           ; Reserved
  255 000002E0 00000000        DCD              0           ; Reserved
  256 000002E4 00000000        DCD              0           ; Reserved
  257 000002E8 00000000        DCD              0           ; Reserved
  258 000002EC 00000000        DCD              0           ; Reserved
  259 000002F0 00000000        DCD              0           ; Reserved
  260 000002F4 00000000        DCD              0           ; Reserved
  261 000002F8 00000000        DCD              0           ; Reserved
  262 000002FC 00000000        DCD              0           ; Reserved
  263 00000300 00000000        DCD              0           ; Reserved
  264 00000304 00000000        DCD              0           ; Reserved
  265 00000308 00000000        DCD              0           ; Reserved
  266 0000030C 00000000        DCD              0           ; Reserved
  267 00000310 00000000        DCD              0           ; Reserved
  268 00000314 00000000        DCD              0           ; Reserved
  269 00000318 00000000        DCD              0           ; Reserved
  270 0000031C 00000000        DCD              0           ; Reserved
  271 00000320 00000000        DCD              0           ; Reserved
  272 00000324 00000000        DCD              0           ; Reserved
  273 00000328 00000000        DCD              0           ; Reserved
  274 0000032C 00000000        DCD              0           ; Reserved
  275 00000330 00000000        DCD              0           ; Reserved
  276 00000334 00000000        DCD              0           ; Reserved
  277 00000338 00000000        DCD              0           ; Reserved
  278 0000033C 00000000        DCD              0           ; Reserved
  279 00000340 00000000        DCD              0           ; Reserved
  280 00000344 00000000        DCD              0           ; Reserved
  281 00000348 00000000        DCD              0           ; Reserved
  282 0000034C 00000000        DCD              0           ; Reserved
  283 00000350 00000000        DCD              0           ; Reserved
  284 00000354 00000000        DCD              0           ; Reserved
  285 00000358 00000000        DCD              0           ; Reserved
  286 0000035C 00000000        DCD              0           ; Reserved
  287 00000360 00000000        DCD              0           ; Reserved
  288 00000364 00000000        DCD              0           ; Reserved
  289 00000368 00000000        DCD              0           ; Reserved
  290 0000036C 00000000        DCD              0           ; Reserved
  291 00000370 00000000        DCD              0           ; Reserved



ARM Macro Assembler    Page 6 


  292 00000374 00000000        DCD              0           ; Reserved
  293 00000378 00000000        DCD              0           ; Reserved
  294 0000037C 00000000        DCD              0           ; Reserved
  295 00000380 00000000        DCD              0           ; Reserved
  296 00000384 00000000        DCD              0           ; Reserved
  297 00000388 00000000        DCD              0           ; Reserved
  298 0000038C 00000000        DCD              0           ; Reserved
  299 00000390 00000000        DCD              0           ; Reserved
  300 00000394 00000000        DCD              0           ; Reserved
  301 00000398 00000000        DCD              0           ; Reserved
  302 0000039C 00000000        DCD              0           ; Reserved
  303 000003A0 00000000        DCD              0           ; Reserved
  304 000003A4 00000000        DCD              0           ; Reserved
  305 000003A8 00000000        DCD              0           ; Reserved
  306 000003AC 00000000        DCD              0           ; Reserved
  307 000003B0 00000000        DCD              0           ; Reserved
  308 000003B4 00000000        DCD              0           ; Reserved
  309 000003B8 00000000        DCD              0           ; Reserved
  310 000003BC 00000000        DCD              0           ; Reserved
  311 000003C0 00000000        DCD              0           ; Reserved
  312 000003C4 00000000        DCD              0           ; Reserved
  313 000003C8 00000000        DCD              0           ; Reserved
  314 000003CC 00000000        DCD              0           ; Reserved
  315 000003D0 00000000        DCD              0           ; Reserved
  316 000003D4 00000000        DCD              0           ; Reserved
  317 000003D8 00000000        DCD              0           ; Reserved
  318 000003DC 00000000        DCD              0           ; Reserved
  319 000003E0 00000000        DCD              0           ; Reserved
  320 000003E4 00000000        DCD              0           ; Reserved
  321 000003E8 00000000        DCD              0           ; Reserved
  322 000003EC 00000000        DCD              0           ; Reserved
  323 000003F0 00000000        DCD              0           ; Reserved
  324 000003F4 00000000        DCD              0           ; Reserved
  325 000003F8 00000000        DCD              0           ; Reserved
  326 000003FC 00000000        DCD              0           ; Reserved
  327 00000400         
  328 00000400         __Vectors_End
  329 00000400         
  330 00000400 00000400 
                       __Vectors_Size
                               EQU              __Vectors_End - __Vectors
  331 00000400         
  332 00000400                 AREA             |.text|, CODE, READONLY
  333 00000000         
  334 00000000         ; Reset Handler
  335 00000000         
  336 00000000         
  337 00000000         Reset_Handler
                               PROC
  338 00000000                 EXPORT           Reset_Handler             [WEAK
]
  339 00000000                 IMPORT           SystemInit
  340 00000000                 IMPORT           __main
  341 00000000         
  342 00000000         
  343 00000000 480A            LDR              R0, =SystemInit
  344 00000002 4780            BLX              R0
  345 00000004 480A            LDR              R0, =__main
  346 00000006 4700            BX               R0



ARM Macro Assembler    Page 7 


  347 00000008                 ENDP
  348 00000008         
  349 00000008         ; Dummy Exception Handlers (infinite loops which can be 
                       modified)
  350 00000008         
  351 00000008         NMI_Handler
                               PROC
  352 00000008                 EXPORT           NMI_Handler               [WEAK
]
  353 00000008 E7FE            B                .
  354 0000000A                 ENDP
  356 0000000A         HardFault_Handler
                               PROC
  357 0000000A                 EXPORT           HardFault_Handler         [WEAK
]
  358 0000000A E7FE            B                .
  359 0000000C                 ENDP
  361 0000000C         MemoryManagement_Handler
                               PROC
  362 0000000C                 EXPORT           MemoryManagement_Handler  [WEAK
]
  363 0000000C E7FE            B                .
  364 0000000E                 ENDP
  366 0000000E         BusFault_Handler
                               PROC
  367 0000000E                 EXPORT           BusFault_Handler          [WEAK
]
  368 0000000E E7FE            B                .
  369 00000010                 ENDP
  371 00000010         UsageFault_Handler
                               PROC
  372 00000010                 EXPORT           UsageFault_Handler        [WEAK
]
  373 00000010 E7FE            B                .
  374 00000012                 ENDP
  376 00000012         SecureFault_Handler
                               PROC
  377 00000012                 EXPORT           SecureFault_Handler       [WEAK
]
  378 00000012 E7FE            B                .
  379 00000014                 ENDP
  380 00000014         SVC_Handler
                               PROC
  381 00000014                 EXPORT           SVC_Handler               [WEAK
]
  382 00000014 E7FE            B                .
  383 00000016                 ENDP
  385 00000016         DebugMon_Handler
                               PROC
  386 00000016                 EXPORT           DebugMon_Handler          [WEAK
]
  387 00000016 E7FE            B                .
  388 00000018                 ENDP
  389 00000018         PendSV_Handler
                               PROC
  390 00000018                 EXPORT           PendSV_Handler            [WEAK
]
  391 00000018 E7FE            B                .
  392 0000001A                 ENDP



ARM Macro Assembler    Page 8 


  393 0000001A         SysTick_Handler
                               PROC
  394 0000001A                 EXPORT           SysTick_Handler           [WEAK
]
  395 0000001A E7FE            B                .
  396 0000001C                 ENDP
  397 0000001C         
  398 0000001C         Default_Handler
                               PROC
  399 0000001C         
  400 0000001C                 EXPORT           FPU_IRQHandler [WEAK]
  401 0000001C                 EXPORT           CACHE_IRQHandler [WEAK]
  402 0000001C                 EXPORT           SPU_IRQHandler [WEAK]
  403 0000001C                 EXPORT           CLOCK_POWER_IRQHandler [WEAK]
  404 0000001C                 EXPORT           SERIAL0_IRQHandler [WEAK]
  405 0000001C                 EXPORT           SERIAL1_IRQHandler [WEAK]
  406 0000001C                 EXPORT           SPIM4_IRQHandler [WEAK]
  407 0000001C                 EXPORT           SERIAL2_IRQHandler [WEAK]
  408 0000001C                 EXPORT           SERIAL3_IRQHandler [WEAK]
  409 0000001C                 EXPORT           GPIOTE0_IRQHandler [WEAK]
  410 0000001C                 EXPORT           SAADC_IRQHandler [WEAK]
  411 0000001C                 EXPORT           TIMER0_IRQHandler [WEAK]
  412 0000001C                 EXPORT           TIMER1_IRQHandler [WEAK]
  413 0000001C                 EXPORT           TIMER2_IRQHandler [WEAK]
  414 0000001C                 EXPORT           RTC0_IRQHandler [WEAK]
  415 0000001C                 EXPORT           RTC1_IRQHandler [WEAK]
  416 0000001C                 EXPORT           WDT0_IRQHandler [WEAK]
  417 0000001C                 EXPORT           WDT1_IRQHandler [WEAK]
  418 0000001C                 EXPORT           COMP_LPCOMP_IRQHandler [WEAK]
  419 0000001C                 EXPORT           EGU0_IRQHandler [WEAK]
  420 0000001C                 EXPORT           EGU1_IRQHandler [WEAK]
  421 0000001C                 EXPORT           EGU2_IRQHandler [WEAK]
  422 0000001C                 EXPORT           EGU3_IRQHandler [WEAK]
  423 0000001C                 EXPORT           EGU4_IRQHandler [WEAK]
  424 0000001C                 EXPORT           EGU5_IRQHandler [WEAK]
  425 0000001C                 EXPORT           PWM0_IRQHandler [WEAK]
  426 0000001C                 EXPORT           PWM1_IRQHandler [WEAK]
  427 0000001C                 EXPORT           PWM2_IRQHandler [WEAK]
  428 0000001C                 EXPORT           PWM3_IRQHandler [WEAK]
  429 0000001C                 EXPORT           PDM0_IRQHandler [WEAK]
  430 0000001C                 EXPORT           I2S0_IRQHandler [WEAK]
  431 0000001C                 EXPORT           IPC_IRQHandler [WEAK]
  432 0000001C                 EXPORT           QSPI_IRQHandler [WEAK]
  433 0000001C                 EXPORT           NFCT_IRQHandler [WEAK]
  434 0000001C                 EXPORT           GPIOTE1_IRQHandler [WEAK]
  435 0000001C                 EXPORT           QDEC0_IRQHandler [WEAK]
  436 0000001C                 EXPORT           QDEC1_IRQHandler [WEAK]
  437 0000001C                 EXPORT           USBD_IRQHandler [WEAK]
  438 0000001C                 EXPORT           USBREGULATOR_IRQHandler [WEAK]
  439 0000001C                 EXPORT           KMU_IRQHandler [WEAK]
  440 0000001C                 EXPORT           CRYPTOCELL_IRQHandler [WEAK]
  441 0000001C         FPU_IRQHandler
  442 0000001C         CACHE_IRQHandler
  443 0000001C         SPU_IRQHandler
  444 0000001C         CLOCK_POWER_IRQHandler
  445 0000001C         SERIAL0_IRQHandler
  446 0000001C         SERIAL1_IRQHandler
  447 0000001C         SPIM4_IRQHandler
  448 0000001C         SERIAL2_IRQHandler



ARM Macro Assembler    Page 9 


  449 0000001C         SERIAL3_IRQHandler
  450 0000001C         GPIOTE0_IRQHandler
  451 0000001C         SAADC_IRQHandler
  452 0000001C         TIMER0_IRQHandler
  453 0000001C         TIMER1_IRQHandler
  454 0000001C         TIMER2_IRQHandler
  455 0000001C         RTC0_IRQHandler
  456 0000001C         RTC1_IRQHandler
  457 0000001C         WDT0_IRQHandler
  458 0000001C         WDT1_IRQHandler
  459 0000001C         COMP_LPCOMP_IRQHandler
  460 0000001C         EGU0_IRQHandler
  461 0000001C         EGU1_IRQHandler
  462 0000001C         EGU2_IRQHandler
  463 0000001C         EGU3_IRQHandler
  464 0000001C         EGU4_IRQHandler
  465 0000001C         EGU5_IRQHandler
  466 0000001C         PWM0_IRQHandler
  467 0000001C         PWM1_IRQHandler
  468 0000001C         PWM2_IRQHandler
  469 0000001C         PWM3_IRQHandler
  470 0000001C         PDM0_IRQHandler
  471 0000001C         I2S0_IRQHandler
  472 0000001C         IPC_IRQHandler
  473 0000001C         QSPI_IRQHandler
  474 0000001C         NFCT_IRQHandler
  475 0000001C         GPIOTE1_IRQHandler
  476 0000001C         QDEC0_IRQHandler
  477 0000001C         QDEC1_IRQHandler
  478 0000001C         USBD_IRQHandler
  479 0000001C         USBREGULATOR_IRQHandler
  480 0000001C         KMU_IRQHandler
  481 0000001C         CRYPTOCELL_IRQHandler
  482 0000001C E7FE            B                .
  483 0000001E                 ENDP
  484 0000001E 00 00           ALIGN
  485 00000020         
  486 00000020         ; User Initial Stack & Heap
  487 00000020         
  488 00000020                 IF               :DEF:__MICROLIB
  495 00000020         
  496 00000020                 IMPORT           __use_two_region_memory
  497 00000020                 EXPORT           __user_initial_stackheap
  498 00000020         
  499 00000020         __user_initial_stackheap
                               PROC
  500 00000020         
  501 00000020 4804            LDR              R0, = Heap_Mem
  502 00000022 4905            LDR              R1, = (Stack_Mem + Stack_Size)
  503 00000024 4A05            LDR              R2, = (Heap_Mem + Heap_Size)
  504 00000026 4B06            LDR              R3, = Stack_Mem
  505 00000028 4770            BX               LR
  506 0000002A                 ENDP
  507 0000002A         
  508 0000002A 00 00           ALIGN
  509 0000002C         
  510 0000002C                 ENDIF
  511 0000002C         
  512 0000002C                 END



ARM Macro Assembler    Page 10 


              00000000 
              00000000 
              00000000 
              00004000 
              00004000 
              00000000 
Command Line: --debug --xref --diag_suppress=9931 --cpu=Cortex-M33 --fpu=FPv5-S
P --depend=.\objects\arm_startup_nrf5340_application.d -o.\objects\arm_startup_
nrf5340_application.o -I.\RTE\_Target_1 -IC:\Keil_v5\ARM\PACK\ARM\CMSIS\5.4.0\C
MSIS\Core\Include -IC:\Keil_v5\ARM\PACK\NordicSemiconductor\nRF_DeviceFamilyPac
k\8.44.1\Device\Include --predefine="__UVISION_VERSION SETA 526" --predefine="_
RTE_ SETA 1" --predefine="NRF5340_XXAA SETA 1" --predefine="NRF_APPLICATION SET
A 1" --list=.\listings\arm_startup_nrf5340_application.lst RTE\Device\nRF5340_x
xAA_Application\arm_startup_nrf5340_application.s



ARM Macro Assembler    Page 1 Alphabetic symbol ordering
Relocatable symbols

STACK 00000000

Symbol: STACK
   Definitions
      At line 42 in file RTE\Device\nRF5340_xxAA_Application\arm_startup_nrf534
0_application.s
   Uses
      None
Comment: STACK unused
Stack_Mem 00000000

Symbol: Stack_Mem
   Definitions
      At line 43 in file RTE\Device\nRF5340_xxAA_Application\arm_startup_nrf534
0_application.s
   Uses
      At line 502 in file RTE\Device\nRF5340_xxAA_Application\arm_startup_nrf53
40_application.s
      At line 504 in file RTE\Device\nRF5340_xxAA_Application\arm_startup_nrf53
40_application.s

__initial_sp 00004000

Symbol: __initial_sp
   Definitions
      At line 44 in file RTE\Device\nRF5340_xxAA_Application\arm_startup_nrf534
0_application.s
   Uses
      At line 69 in file RTE\Device\nRF5340_xxAA_Application\arm_startup_nrf534
0_application.s
Comment: __initial_sp used once
3 symbols



ARM Macro Assembler    Page 1 Alphabetic symbol ordering
Relocatable symbols

HEAP 00000000

Symbol: HEAP
   Definitions
      At line 54 in file RTE\Device\nRF5340_xxAA_Application\arm_startup_nrf534
0_application.s
   Uses
      None
Comment: HEAP unused
Heap_Mem 00000000

Symbol: Heap_Mem
   Definitions
      At line 56 in file RTE\Device\nRF5340_xxAA_Application\arm_startup_nrf534
0_application.s
   Uses
      At line 501 in file RTE\Device\nRF5340_xxAA_Application\arm_startup_nrf53
40_application.s
      At line 503 in file RTE\Device\nRF5340_xxAA_Application\arm_startup_nrf53
40_application.s

__heap_base 00000000

Symbol: __heap_base
   Definitions
      At line 55 in file RTE\Device\nRF5340_xxAA_Application\arm_startup_nrf534
0_application.s
   Uses
      None
Comment: __heap_base unused
__heap_limit 00004000

Symbol: __heap_limit
   Definitions
      At line 57 in file RTE\Device\nRF5340_xxAA_Application\arm_startup_nrf534
0_application.s
   Uses
      None
Comment: __heap_limit unused
4 symbols



ARM Macro Assembler    Page 1 Alphabetic symbol ordering
Relocatable symbols

RESET 00000000

Symbol: RESET
   Definitions
      At line 64 in file RTE\Device\nRF5340_xxAA_Application\arm_startup_nrf534
0_application.s
   Uses
      None
Comment: RESET unused
__Vectors 00000000

Symbol: __Vectors
   Definitions
      At line 69 in file RTE\Device\nRF5340_xxAA_Application\arm_startup_nrf534
0_application.s
   Uses
      At line 65 in file RTE\Device\nRF5340_xxAA_Application\arm_startup_nrf534
0_application.s
      At line 330 in file RTE\Device\nRF5340_xxAA_Application\arm_startup_nrf53
40_application.s

__Vectors_End 00000400

Symbol: __Vectors_End
   Definitions
      At line 328 in file RTE\Device\nRF5340_xxAA_Application\arm_startup_nrf53
40_application.s
   Uses
      At line 66 in file RTE\Device\nRF5340_xxAA_Application\arm_startup_nrf534
0_application.s
      At line 330 in file RTE\Device\nRF5340_xxAA_Application\arm_startup_nrf53
40_application.s

3 symbols



ARM Macro Assembler    Page 1 Alphabetic symbol ordering
Relocatable symbols

.text 00000000

Symbol: .text
   Definitions
      At line 332 in file RTE\Device\nRF5340_xxAA_Application\arm_startup_nrf53
40_application.s
   Uses
      None
Comment: .text unused
BusFault_Handler 0000000E

Symbol: BusFault_Handler
   Definitions
      At line 366 in file RTE\Device\nRF5340_xxAA_Application\arm_startup_nrf53
40_application.s
   Uses
      At line 74 in file RTE\Device\nRF5340_xxAA_Application\arm_startup_nrf534
0_application.s
      At line 367 in file RTE\Device\nRF5340_xxAA_Application\arm_startup_nrf53
40_application.s

CACHE_IRQHandler 0000001C

Symbol: CACHE_IRQHandler
   Definitions
      At line 442 in file RTE\Device\nRF5340_xxAA_Application\arm_startup_nrf53
40_application.s
   Uses
      At line 88 in file RTE\Device\nRF5340_xxAA_Application\arm_startup_nrf534
0_application.s
      At line 401 in file RTE\Device\nRF5340_xxAA_Application\arm_startup_nrf53
40_application.s

CLOCK_POWER_IRQHandler 0000001C

Symbol: CLOCK_POWER_IRQHandler
   Definitions
      At line 444 in file RTE\Device\nRF5340_xxAA_Application\arm_startup_nrf53
40_application.s
   Uses
      At line 92 in file RTE\Device\nRF5340_xxAA_Application\arm_startup_nrf534
0_application.s
      At line 403 in file RTE\Device\nRF5340_xxAA_Application\arm_startup_nrf53
40_application.s

COMP_LPCOMP_IRQHandler 0000001C

Symbol: COMP_LPCOMP_IRQHandler
   Definitions
      At line 459 in file RTE\Device\nRF5340_xxAA_Application\arm_startup_nrf53
40_application.s
   Uses
      At line 113 in file RTE\Device\nRF5340_xxAA_Application\arm_startup_nrf53
40_application.s
      At line 418 in file RTE\Device\nRF5340_xxAA_Application\arm_startup_nrf53
40_application.s

CRYPTOCELL_IRQHandler 0000001C




ARM Macro Assembler    Page 2 Alphabetic symbol ordering
Relocatable symbols

Symbol: CRYPTOCELL_IRQHandler
   Definitions
      At line 481 in file RTE\Device\nRF5340_xxAA_Application\arm_startup_nrf53
40_application.s
   Uses
      At line 155 in file RTE\Device\nRF5340_xxAA_Application\arm_startup_nrf53
40_application.s
      At line 440 in file RTE\Device\nRF5340_xxAA_Application\arm_startup_nrf53
40_application.s

DebugMon_Handler 00000016

Symbol: DebugMon_Handler
   Definitions
      At line 385 in file RTE\Device\nRF5340_xxAA_Application\arm_startup_nrf53
40_application.s
   Uses
      At line 81 in file RTE\Device\nRF5340_xxAA_Application\arm_startup_nrf534
0_application.s
      At line 386 in file RTE\Device\nRF5340_xxAA_Application\arm_startup_nrf53
40_application.s

Default_Handler 0000001C

Symbol: Default_Handler
   Definitions
      At line 398 in file RTE\Device\nRF5340_xxAA_Application\arm_startup_nrf53
40_application.s
   Uses
      None
Comment: Default_Handler unused
EGU0_IRQHandler 0000001C

Symbol: EGU0_IRQHandler
   Definitions
      At line 460 in file RTE\Device\nRF5340_xxAA_Application\arm_startup_nrf53
40_application.s
   Uses
      At line 114 in file RTE\Device\nRF5340_xxAA_Application\arm_startup_nrf53
40_application.s
      At line 419 in file RTE\Device\nRF5340_xxAA_Application\arm_startup_nrf53
40_application.s

EGU1_IRQHandler 0000001C

Symbol: EGU1_IRQHandler
   Definitions
      At line 461 in file RTE\Device\nRF5340_xxAA_Application\arm_startup_nrf53
40_application.s
   Uses
      At line 115 in file RTE\Device\nRF5340_xxAA_Application\arm_startup_nrf53
40_application.s
      At line 420 in file RTE\Device\nRF5340_xxAA_Application\arm_startup_nrf53
40_application.s

EGU2_IRQHandler 0000001C

Symbol: EGU2_IRQHandler
   Definitions



ARM Macro Assembler    Page 3 Alphabetic symbol ordering
Relocatable symbols

      At line 462 in file RTE\Device\nRF5340_xxAA_Application\arm_startup_nrf53
40_application.s
   Uses
      At line 116 in file RTE\Device\nRF5340_xxAA_Application\arm_startup_nrf53
40_application.s
      At line 421 in file RTE\Device\nRF5340_xxAA_Application\arm_startup_nrf53
40_application.s

EGU3_IRQHandler 0000001C

Symbol: EGU3_IRQHandler
   Definitions
      At line 463 in file RTE\Device\nRF5340_xxAA_Application\arm_startup_nrf53
40_application.s
   Uses
      At line 117 in file RTE\Device\nRF5340_xxAA_Application\arm_startup_nrf53
40_application.s
      At line 422 in file RTE\Device\nRF5340_xxAA_Application\arm_startup_nrf53
40_application.s

EGU4_IRQHandler 0000001C

Symbol: EGU4_IRQHandler
   Definitions
      At line 464 in file RTE\Device\nRF5340_xxAA_Application\arm_startup_nrf53
40_application.s
   Uses
      At line 118 in file RTE\Device\nRF5340_xxAA_Application\arm_startup_nrf53
40_application.s
      At line 423 in file RTE\Device\nRF5340_xxAA_Application\arm_startup_nrf53
40_application.s

EGU5_IRQHandler 0000001C

Symbol: EGU5_IRQHandler
   Definitions
      At line 465 in file RTE\Device\nRF5340_xxAA_Application\arm_startup_nrf53
40_application.s
   Uses
      At line 119 in file RTE\Device\nRF5340_xxAA_Application\arm_startup_nrf53
40_application.s
      At line 424 in file RTE\Device\nRF5340_xxAA_Application\arm_startup_nrf53
40_application.s

FPU_IRQHandler 0000001C

Symbol: FPU_IRQHandler
   Definitions
      At line 441 in file RTE\Device\nRF5340_xxAA_Application\arm_startup_nrf53
40_application.s
   Uses
      At line 87 in file RTE\Device\nRF5340_xxAA_Application\arm_startup_nrf534
0_application.s
      At line 400 in file RTE\Device\nRF5340_xxAA_Application\arm_startup_nrf53
40_application.s

GPIOTE0_IRQHandler 0000001C

Symbol: GPIOTE0_IRQHandler



ARM Macro Assembler    Page 4 Alphabetic symbol ordering
Relocatable symbols

   Definitions
      At line 450 in file RTE\Device\nRF5340_xxAA_Application\arm_startup_nrf53
40_application.s
   Uses
      At line 100 in file RTE\Device\nRF5340_xxAA_Application\arm_startup_nrf53
40_application.s
      At line 409 in file RTE\Device\nRF5340_xxAA_Application\arm_startup_nrf53
40_application.s

GPIOTE1_IRQHandler 0000001C

Symbol: GPIOTE1_IRQHandler
   Definitions
      At line 475 in file RTE\Device\nRF5340_xxAA_Application\arm_startup_nrf53
40_application.s
   Uses
      At line 134 in file RTE\Device\nRF5340_xxAA_Application\arm_startup_nrf53
40_application.s
      At line 434 in file RTE\Device\nRF5340_xxAA_Application\arm_startup_nrf53
40_application.s

HardFault_Handler 0000000A

Symbol: HardFault_Handler
   Definitions
      At line 356 in file RTE\Device\nRF5340_xxAA_Application\arm_startup_nrf53
40_application.s
   Uses
      At line 72 in file RTE\Device\nRF5340_xxAA_Application\arm_startup_nrf534
0_application.s
      At line 357 in file RTE\Device\nRF5340_xxAA_Application\arm_startup_nrf53
40_application.s

I2S0_IRQHandler 0000001C

Symbol: I2S0_IRQHandler
   Definitions
      At line 471 in file RTE\Device\nRF5340_xxAA_Application\arm_startup_nrf53
40_application.s
   Uses
      At line 127 in file RTE\Device\nRF5340_xxAA_Application\arm_startup_nrf53
40_application.s
      At line 430 in file RTE\Device\nRF5340_xxAA_Application\arm_startup_nrf53
40_application.s

IPC_IRQHandler 0000001C

Symbol: IPC_IRQHandler
   Definitions
      At line 472 in file RTE\Device\nRF5340_xxAA_Application\arm_startup_nrf53
40_application.s
   Uses
      At line 129 in file RTE\Device\nRF5340_xxAA_Application\arm_startup_nrf53
40_application.s
      At line 431 in file RTE\Device\nRF5340_xxAA_Application\arm_startup_nrf53
40_application.s

KMU_IRQHandler 0000001C




ARM Macro Assembler    Page 5 Alphabetic symbol ordering
Relocatable symbols

Symbol: KMU_IRQHandler
   Definitions
      At line 480 in file RTE\Device\nRF5340_xxAA_Application\arm_startup_nrf53
40_application.s
   Uses
      At line 144 in file RTE\Device\nRF5340_xxAA_Application\arm_startup_nrf53
40_application.s
      At line 439 in file RTE\Device\nRF5340_xxAA_Application\arm_startup_nrf53
40_application.s

MemoryManagement_Handler 0000000C

Symbol: MemoryManagement_Handler
   Definitions
      At line 361 in file RTE\Device\nRF5340_xxAA_Application\arm_startup_nrf53
40_application.s
   Uses
      At line 73 in file RTE\Device\nRF5340_xxAA_Application\arm_startup_nrf534
0_application.s
      At line 362 in file RTE\Device\nRF5340_xxAA_Application\arm_startup_nrf53
40_application.s

NFCT_IRQHandler 0000001C

Symbol: NFCT_IRQHandler
   Definitions
      At line 474 in file RTE\Device\nRF5340_xxAA_Application\arm_startup_nrf53
40_application.s
   Uses
      At line 132 in file RTE\Device\nRF5340_xxAA_Application\arm_startup_nrf53
40_application.s
      At line 433 in file RTE\Device\nRF5340_xxAA_Application\arm_startup_nrf53
40_application.s

NMI_Handler 00000008

Symbol: NMI_Handler
   Definitions
      At line 351 in file RTE\Device\nRF5340_xxAA_Application\arm_startup_nrf53
40_application.s
   Uses
      At line 71 in file RTE\Device\nRF5340_xxAA_Application\arm_startup_nrf534
0_application.s
      At line 352 in file RTE\Device\nRF5340_xxAA_Application\arm_startup_nrf53
40_application.s

PDM0_IRQHandler 0000001C

Symbol: PDM0_IRQHandler
   Definitions
      At line 470 in file RTE\Device\nRF5340_xxAA_Application\arm_startup_nrf53
40_application.s
   Uses
      At line 125 in file RTE\Device\nRF5340_xxAA_Application\arm_startup_nrf53
40_application.s
      At line 429 in file RTE\Device\nRF5340_xxAA_Application\arm_startup_nrf53
40_application.s

PWM0_IRQHandler 0000001C



ARM Macro Assembler    Page 6 Alphabetic symbol ordering
Relocatable symbols


Symbol: PWM0_IRQHandler
   Definitions
      At line 466 in file RTE\Device\nRF5340_xxAA_Application\arm_startup_nrf53
40_application.s
   Uses
      At line 120 in file RTE\Device\nRF5340_xxAA_Application\arm_startup_nrf53
40_application.s
      At line 425 in file RTE\Device\nRF5340_xxAA_Application\arm_startup_nrf53
40_application.s

PWM1_IRQHandler 0000001C

Symbol: PWM1_IRQHandler
   Definitions
      At line 467 in file RTE\Device\nRF5340_xxAA_Application\arm_startup_nrf53
40_application.s
   Uses
      At line 121 in file RTE\Device\nRF5340_xxAA_Application\arm_startup_nrf53
40_application.s
      At line 426 in file RTE\Device\nRF5340_xxAA_Application\arm_startup_nrf53
40_application.s

PWM2_IRQHandler 0000001C

Symbol: PWM2_IRQHandler
   Definitions
      At line 468 in file RTE\Device\nRF5340_xxAA_Application\arm_startup_nrf53
40_application.s
   Uses
      At line 122 in file RTE\Device\nRF5340_xxAA_Application\arm_startup_nrf53
40_application.s
      At line 427 in file RTE\Device\nRF5340_xxAA_Application\arm_startup_nrf53
40_application.s

PWM3_IRQHandler 0000001C

Symbol: PWM3_IRQHandler
   Definitions
      At line 469 in file RTE\Device\nRF5340_xxAA_Application\arm_startup_nrf53
40_application.s
   Uses
      At line 123 in file RTE\Device\nRF5340_xxAA_Application\arm_startup_nrf53
40_application.s
      At line 428 in file RTE\Device\nRF5340_xxAA_Application\arm_startup_nrf53
40_application.s

PendSV_Handler 00000018

Symbol: PendSV_Handler
   Definitions
      At line 389 in file RTE\Device\nRF5340_xxAA_Application\arm_startup_nrf53
40_application.s
   Uses
      At line 83 in file RTE\Device\nRF5340_xxAA_Application\arm_startup_nrf534
0_application.s
      At line 390 in file RTE\Device\nRF5340_xxAA_Application\arm_startup_nrf53
40_application.s




ARM Macro Assembler    Page 7 Alphabetic symbol ordering
Relocatable symbols

QDEC0_IRQHandler 0000001C

Symbol: QDEC0_IRQHandler
   Definitions
      At line 476 in file RTE\Device\nRF5340_xxAA_Application\arm_startup_nrf53
40_application.s
   Uses
      At line 138 in file RTE\Device\nRF5340_xxAA_Application\arm_startup_nrf53
40_application.s
      At line 435 in file RTE\Device\nRF5340_xxAA_Application\arm_startup_nrf53
40_application.s

QDEC1_IRQHandler 0000001C

Symbol: QDEC1_IRQHandler
   Definitions
      At line 477 in file RTE\Device\nRF5340_xxAA_Application\arm_startup_nrf53
40_application.s
   Uses
      At line 139 in file RTE\Device\nRF5340_xxAA_Application\arm_startup_nrf53
40_application.s
      At line 436 in file RTE\Device\nRF5340_xxAA_Application\arm_startup_nrf53
40_application.s

QSPI_IRQHandler 0000001C

Symbol: QSPI_IRQHandler
   Definitions
      At line 473 in file RTE\Device\nRF5340_xxAA_Application\arm_startup_nrf53
40_application.s
   Uses
      At line 130 in file RTE\Device\nRF5340_xxAA_Application\arm_startup_nrf53
40_application.s
      At line 432 in file RTE\Device\nRF5340_xxAA_Application\arm_startup_nrf53
40_application.s

RTC0_IRQHandler 0000001C

Symbol: RTC0_IRQHandler
   Definitions
      At line 455 in file RTE\Device\nRF5340_xxAA_Application\arm_startup_nrf53
40_application.s
   Uses
      At line 107 in file RTE\Device\nRF5340_xxAA_Application\arm_startup_nrf53
40_application.s
      At line 414 in file RTE\Device\nRF5340_xxAA_Application\arm_startup_nrf53
40_application.s

RTC1_IRQHandler 0000001C

Symbol: RTC1_IRQHandler
   Definitions
      At line 456 in file RTE\Device\nRF5340_xxAA_Application\arm_startup_nrf53
40_application.s
   Uses
      At line 108 in file RTE\Device\nRF5340_xxAA_Application\arm_startup_nrf53
40_application.s
      At line 415 in file RTE\Device\nRF5340_xxAA_Application\arm_startup_nrf53
40_application.s



ARM Macro Assembler    Page 8 Alphabetic symbol ordering
Relocatable symbols


Reset_Handler 00000000

Symbol: Reset_Handler
   Definitions
      At line 337 in file RTE\Device\nRF5340_xxAA_Application\arm_startup_nrf53
40_application.s
   Uses
      At line 70 in file RTE\Device\nRF5340_xxAA_Application\arm_startup_nrf534
0_application.s
      At line 338 in file RTE\Device\nRF5340_xxAA_Application\arm_startup_nrf53
40_application.s

SAADC_IRQHandler 0000001C

Symbol: SAADC_IRQHandler
   Definitions
      At line 451 in file RTE\Device\nRF5340_xxAA_Application\arm_startup_nrf53
40_application.s
   Uses
      At line 101 in file RTE\Device\nRF5340_xxAA_Application\arm_startup_nrf53
40_application.s
      At line 410 in file RTE\Device\nRF5340_xxAA_Application\arm_startup_nrf53
40_application.s

SERIAL0_IRQHandler 0000001C

Symbol: SERIAL0_IRQHandler
   Definitions
      At line 445 in file RTE\Device\nRF5340_xxAA_Application\arm_startup_nrf53
40_application.s
   Uses
      At line 95 in file RTE\Device\nRF5340_xxAA_Application\arm_startup_nrf534
0_application.s
      At line 404 in file RTE\Device\nRF5340_xxAA_Application\arm_startup_nrf53
40_application.s

SERIAL1_IRQHandler 0000001C

Symbol: SERIAL1_IRQHandler
   Definitions
      At line 446 in file RTE\Device\nRF5340_xxAA_Application\arm_startup_nrf53
40_application.s
   Uses
      At line 96 in file RTE\Device\nRF5340_xxAA_Application\arm_startup_nrf534
0_application.s
      At line 405 in file RTE\Device\nRF5340_xxAA_Application\arm_startup_nrf53
40_application.s

SERIAL2_IRQHandler 0000001C

Symbol: SERIAL2_IRQHandler
   Definitions
      At line 448 in file RTE\Device\nRF5340_xxAA_Application\arm_startup_nrf53
40_application.s
   Uses
      At line 98 in file RTE\Device\nRF5340_xxAA_Application\arm_startup_nrf534
0_application.s
      At line 407 in file RTE\Device\nRF5340_xxAA_Application\arm_startup_nrf53



ARM Macro Assembler    Page 9 Alphabetic symbol ordering
Relocatable symbols

40_application.s

SERIAL3_IRQHandler 0000001C

Symbol: SERIAL3_IRQHandler
   Definitions
      At line 449 in file RTE\Device\nRF5340_xxAA_Application\arm_startup_nrf53
40_application.s
   Uses
      At line 99 in file RTE\Device\nRF5340_xxAA_Application\arm_startup_nrf534
0_application.s
      At line 408 in file RTE\Device\nRF5340_xxAA_Application\arm_startup_nrf53
40_application.s

SPIM4_IRQHandler 0000001C

Symbol: SPIM4_IRQHandler
   Definitions
      At line 447 in file RTE\Device\nRF5340_xxAA_Application\arm_startup_nrf53
40_application.s
   Uses
      At line 97 in file RTE\Device\nRF5340_xxAA_Application\arm_startup_nrf534
0_application.s
      At line 406 in file RTE\Device\nRF5340_xxAA_Application\arm_startup_nrf53
40_application.s

SPU_IRQHandler 0000001C

Symbol: SPU_IRQHandler
   Definitions
      At line 443 in file RTE\Device\nRF5340_xxAA_Application\arm_startup_nrf53
40_application.s
   Uses
      At line 90 in file RTE\Device\nRF5340_xxAA_Application\arm_startup_nrf534
0_application.s
      At line 402 in file RTE\Device\nRF5340_xxAA_Application\arm_startup_nrf53
40_application.s

SVC_Handler 00000014

Symbol: SVC_Handler
   Definitions
      At line 380 in file RTE\Device\nRF5340_xxAA_Application\arm_startup_nrf53
40_application.s
   Uses
      At line 80 in file RTE\Device\nRF5340_xxAA_Application\arm_startup_nrf534
0_application.s
      At line 381 in file RTE\Device\nRF5340_xxAA_Application\arm_startup_nrf53
40_application.s

SecureFault_Handler 00000012

Symbol: SecureFault_Handler
   Definitions
      At line 376 in file RTE\Device\nRF5340_xxAA_Application\arm_startup_nrf53
40_application.s
   Uses
      At line 76 in file RTE\Device\nRF5340_xxAA_Application\arm_startup_nrf534
0_application.s



ARM Macro Assembler    Page 10 Alphabetic symbol ordering
Relocatable symbols

      At line 377 in file RTE\Device\nRF5340_xxAA_Application\arm_startup_nrf53
40_application.s

SysTick_Handler 0000001A

Symbol: SysTick_Handler
   Definitions
      At line 393 in file RTE\Device\nRF5340_xxAA_Application\arm_startup_nrf53
40_application.s
   Uses
      At line 84 in file RTE\Device\nRF5340_xxAA_Application\arm_startup_nrf534
0_application.s
      At line 394 in file RTE\Device\nRF5340_xxAA_Application\arm_startup_nrf53
40_application.s

TIMER0_IRQHandler 0000001C

Symbol: TIMER0_IRQHandler
   Definitions
      At line 452 in file RTE\Device\nRF5340_xxAA_Application\arm_startup_nrf53
40_application.s
   Uses
      At line 102 in file RTE\Device\nRF5340_xxAA_Application\arm_startup_nrf53
40_application.s
      At line 411 in file RTE\Device\nRF5340_xxAA_Application\arm_startup_nrf53
40_application.s

TIMER1_IRQHandler 0000001C

Symbol: TIMER1_IRQHandler
   Definitions
      At line 453 in file RTE\Device\nRF5340_xxAA_Application\arm_startup_nrf53
40_application.s
   Uses
      At line 103 in file RTE\Device\nRF5340_xxAA_Application\arm_startup_nrf53
40_application.s
      At line 412 in file RTE\Device\nRF5340_xxAA_Application\arm_startup_nrf53
40_application.s

TIMER2_IRQHandler 0000001C

Symbol: TIMER2_IRQHandler
   Definitions
      At line 454 in file RTE\Device\nRF5340_xxAA_Application\arm_startup_nrf53
40_application.s
   Uses
      At line 104 in file RTE\Device\nRF5340_xxAA_Application\arm_startup_nrf53
40_application.s
      At line 413 in file RTE\Device\nRF5340_xxAA_Application\arm_startup_nrf53
40_application.s

USBD_IRQHandler 0000001C

Symbol: USBD_IRQHandler
   Definitions
      At line 478 in file RTE\Device\nRF5340_xxAA_Application\arm_startup_nrf53
40_application.s
   Uses
      At line 141 in file RTE\Device\nRF5340_xxAA_Application\arm_startup_nrf53



ARM Macro Assembler    Page 11 Alphabetic symbol ordering
Relocatable symbols

40_application.s
      At line 437 in file RTE\Device\nRF5340_xxAA_Application\arm_startup_nrf53
40_application.s

USBREGULATOR_IRQHandler 0000001C

Symbol: USBREGULATOR_IRQHandler
   Definitions
      At line 479 in file RTE\Device\nRF5340_xxAA_Application\arm_startup_nrf53
40_application.s
   Uses
      At line 142 in file RTE\Device\nRF5340_xxAA_Application\arm_startup_nrf53
40_application.s
      At line 438 in file RTE\Device\nRF5340_xxAA_Application\arm_startup_nrf53
40_application.s

UsageFault_Handler 00000010

Symbol: UsageFault_Handler
   Definitions
      At line 371 in file RTE\Device\nRF5340_xxAA_Application\arm_startup_nrf53
40_application.s
   Uses
      At line 75 in file RTE\Device\nRF5340_xxAA_Application\arm_startup_nrf534
0_application.s
      At line 372 in file RTE\Device\nRF5340_xxAA_Application\arm_startup_nrf53
40_application.s

WDT0_IRQHandler 0000001C

Symbol: WDT0_IRQHandler
   Definitions
      At line 457 in file RTE\Device\nRF5340_xxAA_Application\arm_startup_nrf53
40_application.s
   Uses
      At line 111 in file RTE\Device\nRF5340_xxAA_Application\arm_startup_nrf53
40_application.s
      At line 416 in file RTE\Device\nRF5340_xxAA_Application\arm_startup_nrf53
40_application.s

WDT1_IRQHandler 0000001C

Symbol: WDT1_IRQHandler
   Definitions
      At line 458 in file RTE\Device\nRF5340_xxAA_Application\arm_startup_nrf53
40_application.s
   Uses
      At line 112 in file RTE\Device\nRF5340_xxAA_Application\arm_startup_nrf53
40_application.s
      At line 417 in file RTE\Device\nRF5340_xxAA_Application\arm_startup_nrf53
40_application.s

__user_initial_stackheap 00000020

Symbol: __user_initial_stackheap
   Definitions
      At line 499 in file RTE\Device\nRF5340_xxAA_Application\arm_startup_nrf53
40_application.s
   Uses



ARM Macro Assembler    Page 12 Alphabetic symbol ordering
Relocatable symbols

      At line 497 in file RTE\Device\nRF5340_xxAA_Application\arm_startup_nrf53
40_application.s
Comment: __user_initial_stackheap used once
55 symbols



ARM Macro Assembler    Page 1 Alphabetic symbol ordering
Absolute symbols

Heap_Size 00004000

Symbol: Heap_Size
   Definitions
      At line 51 in file RTE\Device\nRF5340_xxAA_Application\arm_startup_nrf534
0_application.s
   Uses
      At line 56 in file RTE\Device\nRF5340_xxAA_Application\arm_startup_nrf534
0_application.s
      At line 503 in file RTE\Device\nRF5340_xxAA_Application\arm_startup_nrf53
40_application.s

Stack_Align 00000003

Symbol: Stack_Align
   Definitions
      At line 39 in file RTE\Device\nRF5340_xxAA_Application\arm_startup_nrf534
0_application.s
   Uses
      At line 42 in file RTE\Device\nRF5340_xxAA_Application\arm_startup_nrf534
0_application.s
Comment: Stack_Align used once
Stack_Size 00004000

Symbol: Stack_Size
   Definitions
      At line 33 in file RTE\Device\nRF5340_xxAA_Application\arm_startup_nrf534
0_application.s
   Uses
      At line 43 in file RTE\Device\nRF5340_xxAA_Application\arm_startup_nrf534
0_application.s
      At line 502 in file RTE\Device\nRF5340_xxAA_Application\arm_startup_nrf53
40_application.s

__Vectors_Size 00000400

Symbol: __Vectors_Size
   Definitions
      At line 330 in file RTE\Device\nRF5340_xxAA_Application\arm_startup_nrf53
40_application.s
   Uses
      At line 67 in file RTE\Device\nRF5340_xxAA_Application\arm_startup_nrf534
0_application.s
Comment: __Vectors_Size used once
4 symbols



ARM Macro Assembler    Page 1 Alphabetic symbol ordering
External symbols

SystemInit 00000000

Symbol: SystemInit
   Definitions
      At line 339 in file RTE\Device\nRF5340_xxAA_Application\arm_startup_nrf53
40_application.s
   Uses
      At line 343 in file RTE\Device\nRF5340_xxAA_Application\arm_startup_nrf53
40_application.s
Comment: SystemInit used once
__main 00000000

Symbol: __main
   Definitions
      At line 340 in file RTE\Device\nRF5340_xxAA_Application\arm_startup_nrf53
40_application.s
   Uses
      At line 345 in file RTE\Device\nRF5340_xxAA_Application\arm_startup_nrf53
40_application.s
Comment: __main used once
__use_two_region_memory 00000000

Symbol: __use_two_region_memory
   Definitions
      At line 496 in file RTE\Device\nRF5340_xxAA_Application\arm_startup_nrf53
40_application.s
   Uses
      None
Comment: __use_two_region_memory unused
3 symbols
423 symbols in table
